<?xml version="1.0" encoding="utf-8"?>
<!DOCTYPE coverage SYSTEM "http://cobertura.sourceforge.net/xml/coverage-04.dtd">
<coverage line-rate="0.20930232558139536" branch-rate="0.024390243902439025" lines-covered="117" lines-valid="559" branches-covered="2" branches-valid="82" complexity="168" version="0" timestamp="1613405661">
  <sources>
    <source>C:\Users\Willism\</source>
  </sources>
  <packages>
    <package name="Trainee.Application" line-rate="0" branch-rate="1" complexity="23">
      <classes>
        <class name="Trainee.Application.AutoMapper.DomainToViewModelMappingProfile" filename="C:\Users\Willism\source\repos\netcore-trainee\Trainee.Application\AutoMapper\DomainToViewModelMappingProfile.cs" line-rate="0" branch-rate="1" complexity="1">
          <methods>
            <method name=".ctor" signature="()" line-rate="0" branch-rate="1" complexity="1">
              <lines>
                <line number="12" hits="0" branch="false" />
                <line number="13" hits="0" branch="false" />
                <line number="14" hits="0" branch="false" />
                <line number="15" hits="0" branch="false" />
                <line number="16" hits="0" branch="false" />
              </lines>
            </method>
          </methods>
          <lines>
            <line number="12" hits="0" branch="false" />
            <line number="13" hits="0" branch="false" />
            <line number="14" hits="0" branch="false" />
            <line number="15" hits="0" branch="false" />
            <line number="16" hits="0" branch="false" />
          </lines>
        </class>
        <class name="Trainee.Application.AutoMapper.ViewModelToDomainMappingProfile" filename="C:\Users\Willism\source\repos\netcore-trainee\Trainee.Application\AutoMapper\ViewModelToDomainMappingProfile.cs" line-rate="0" branch-rate="1" complexity="1">
          <methods>
            <method name=".ctor" signature="()" line-rate="0" branch-rate="1" complexity="1">
              <lines>
                <line number="12" hits="0" branch="false" />
                <line number="13" hits="0" branch="false" />
                <line number="14" hits="0" branch="false" />
                <line number="15" hits="0" branch="false" />
                <line number="16" hits="0" branch="false" />
              </lines>
            </method>
          </methods>
          <lines>
            <line number="12" hits="0" branch="false" />
            <line number="13" hits="0" branch="false" />
            <line number="14" hits="0" branch="false" />
            <line number="15" hits="0" branch="false" />
            <line number="16" hits="0" branch="false" />
          </lines>
        </class>
        <class name="Trainee.Application.Services.ClienteAppService" filename="C:\Users\Willism\source\repos\netcore-trainee\Trainee.Application\Services\ClienteAppService.cs" line-rate="0" branch-rate="1" complexity="7">
          <methods>
            <method name="Dispose" signature="()" line-rate="0" branch-rate="1" complexity="1">
              <lines>
                <line number="30" hits="0" branch="false" />
                <line number="31" hits="0" branch="false" />
                <line number="32" hits="0" branch="false" />
              </lines>
            </method>
            <method name=".ctor" signature="(...)" line-rate="0" branch-rate="1" complexity="1">
              <lines>
                <line number="18" hits="0" branch="false" />
                <line number="19" hits="0" branch="false" />
                <line number="20" hits="0" branch="false" />
                <line number="21" hits="0" branch="false" />
                <line number="22" hits="0" branch="false" />
                <line number="23" hits="0" branch="false" />
              </lines>
            </method>
            <method name="ActivateInactivate" signature="()" line-rate="0" branch-rate="1" complexity="1">
              <lines>
                <line number="25" hits="0" branch="false" />
                <line number="26" hits="0" branch="false" />
                <line number="27" hits="0" branch="false" />
              </lines>
            </method>
            <method name="GetAll" signature="()" line-rate="0" branch-rate="1" complexity="1">
              <lines>
                <line number="35" hits="0" branch="false" />
                <line number="36" hits="0" branch="false" />
                <line number="37" hits="0" branch="false" />
              </lines>
            </method>
            <method name="GetById" signature="()" line-rate="0" branch-rate="1" complexity="1">
              <lines>
                <line number="40" hits="0" branch="false" />
                <line number="41" hits="0" branch="false" />
                <line number="42" hits="0" branch="false" />
              </lines>
            </method>
            <method name="Register" signature="()" line-rate="0" branch-rate="1" complexity="1">
              <lines>
                <line number="45" hits="0" branch="false" />
                <line number="46" hits="0" branch="false" />
                <line number="47" hits="0" branch="false" />
              </lines>
            </method>
            <method name="Update" signature="()" line-rate="0" branch-rate="1" complexity="1">
              <lines>
                <line number="51" hits="0" branch="false" />
                <line number="52" hits="0" branch="false" />
                <line number="53" hits="0" branch="false" />
              </lines>
            </method>
          </methods>
          <lines>
            <line number="18" hits="0" branch="false" />
            <line number="19" hits="0" branch="false" />
            <line number="20" hits="0" branch="false" />
            <line number="21" hits="0" branch="false" />
            <line number="22" hits="0" branch="false" />
            <line number="23" hits="0" branch="false" />
            <line number="25" hits="0" branch="false" />
            <line number="26" hits="0" branch="false" />
            <line number="27" hits="0" branch="false" />
            <line number="30" hits="0" branch="false" />
            <line number="31" hits="0" branch="false" />
            <line number="32" hits="0" branch="false" />
            <line number="35" hits="0" branch="false" />
            <line number="36" hits="0" branch="false" />
            <line number="37" hits="0" branch="false" />
            <line number="40" hits="0" branch="false" />
            <line number="41" hits="0" branch="false" />
            <line number="42" hits="0" branch="false" />
            <line number="45" hits="0" branch="false" />
            <line number="46" hits="0" branch="false" />
            <line number="47" hits="0" branch="false" />
            <line number="51" hits="0" branch="false" />
            <line number="52" hits="0" branch="false" />
            <line number="53" hits="0" branch="false" />
          </lines>
        </class>
        <class name="Trainee.Application.Services.ProdutoAppService" filename="C:\Users\Willism\source\repos\netcore-trainee\Trainee.Application\Services\ProdutoAppService.cs" line-rate="0" branch-rate="1" complexity="7">
          <methods>
            <method name="Dispose" signature="()" line-rate="0" branch-rate="1" complexity="1">
              <lines>
                <line number="30" hits="0" branch="false" />
                <line number="31" hits="0" branch="false" />
                <line number="32" hits="0" branch="false" />
              </lines>
            </method>
            <method name=".ctor" signature="(...)" line-rate="0" branch-rate="1" complexity="1">
              <lines>
                <line number="18" hits="0" branch="false" />
                <line number="19" hits="0" branch="false" />
                <line number="20" hits="0" branch="false" />
                <line number="21" hits="0" branch="false" />
                <line number="22" hits="0" branch="false" />
                <line number="23" hits="0" branch="false" />
              </lines>
            </method>
            <method name="ActivateInactivate" signature="()" line-rate="0" branch-rate="1" complexity="1">
              <lines>
                <line number="25" hits="0" branch="false" />
                <line number="26" hits="0" branch="false" />
                <line number="27" hits="0" branch="false" />
              </lines>
            </method>
            <method name="GetAll" signature="()" line-rate="0" branch-rate="1" complexity="1">
              <lines>
                <line number="35" hits="0" branch="false" />
                <line number="36" hits="0" branch="false" />
                <line number="37" hits="0" branch="false" />
              </lines>
            </method>
            <method name="GetById" signature="()" line-rate="0" branch-rate="1" complexity="1">
              <lines>
                <line number="40" hits="0" branch="false" />
                <line number="41" hits="0" branch="false" />
                <line number="42" hits="0" branch="false" />
              </lines>
            </method>
            <method name="Register" signature="()" line-rate="0" branch-rate="1" complexity="1">
              <lines>
                <line number="45" hits="0" branch="false" />
                <line number="46" hits="0" branch="false" />
                <line number="47" hits="0" branch="false" />
              </lines>
            </method>
            <method name="Update" signature="()" line-rate="0" branch-rate="1" complexity="1">
              <lines>
                <line number="50" hits="0" branch="false" />
                <line number="51" hits="0" branch="false" />
                <line number="52" hits="0" branch="false" />
              </lines>
            </method>
          </methods>
          <lines>
            <line number="18" hits="0" branch="false" />
            <line number="19" hits="0" branch="false" />
            <line number="20" hits="0" branch="false" />
            <line number="21" hits="0" branch="false" />
            <line number="22" hits="0" branch="false" />
            <line number="23" hits="0" branch="false" />
            <line number="25" hits="0" branch="false" />
            <line number="26" hits="0" branch="false" />
            <line number="27" hits="0" branch="false" />
            <line number="30" hits="0" branch="false" />
            <line number="31" hits="0" branch="false" />
            <line number="32" hits="0" branch="false" />
            <line number="35" hits="0" branch="false" />
            <line number="36" hits="0" branch="false" />
            <line number="37" hits="0" branch="false" />
            <line number="40" hits="0" branch="false" />
            <line number="41" hits="0" branch="false" />
            <line number="42" hits="0" branch="false" />
            <line number="45" hits="0" branch="false" />
            <line number="46" hits="0" branch="false" />
            <line number="47" hits="0" branch="false" />
            <line number="50" hits="0" branch="false" />
            <line number="51" hits="0" branch="false" />
            <line number="52" hits="0" branch="false" />
          </lines>
        </class>
        <class name="Trainee.Application.ViewModels.ClienteViewModel" filename="C:\Users\Willism\source\repos\netcore-trainee\Trainee.Application\ViewModels\ClienteViewModel.cs" line-rate="0" branch-rate="1" complexity="3">
          <methods>
            <method name="get_Id" signature="()" line-rate="0" branch-rate="1" complexity="1">
              <lines>
                <line number="9" hits="0" branch="false" />
              </lines>
            </method>
            <method name="get_Nome" signature="()" line-rate="0" branch-rate="1" complexity="1">
              <lines>
                <line number="15" hits="0" branch="false" />
              </lines>
            </method>
            <method name="get_Ativo" signature="()" line-rate="0" branch-rate="1" complexity="1">
              <lines>
                <line number="19" hits="0" branch="false" />
              </lines>
            </method>
          </methods>
          <lines>
            <line number="9" hits="0" branch="false" />
            <line number="15" hits="0" branch="false" />
            <line number="19" hits="0" branch="false" />
          </lines>
        </class>
        <class name="Trainee.Application.ViewModels.ProdutoViewModel" filename="C:\Users\Willism\source\repos\netcore-trainee\Trainee.Application\ViewModels\ProdutoViewModel.cs" line-rate="0" branch-rate="1" complexity="4">
          <methods>
            <method name="get_Id" signature="()" line-rate="0" branch-rate="1" complexity="1">
              <lines>
                <line number="12" hits="0" branch="false" />
              </lines>
            </method>
            <method name="get_Nome" signature="()" line-rate="0" branch-rate="1" complexity="1">
              <lines>
                <line number="18" hits="0" branch="false" />
              </lines>
            </method>
            <method name="get_Valor" signature="()" line-rate="0" branch-rate="1" complexity="1">
              <lines>
                <line number="22" hits="0" branch="false" />
              </lines>
            </method>
            <method name="get_Ativo" signature="()" line-rate="0" branch-rate="1" complexity="1">
              <lines>
                <line number="26" hits="0" branch="false" />
              </lines>
            </method>
          </methods>
          <lines>
            <line number="12" hits="0" branch="false" />
            <line number="18" hits="0" branch="false" />
            <line number="22" hits="0" branch="false" />
            <line number="26" hits="0" branch="false" />
          </lines>
        </class>
      </classes>
    </package>
    <package name="Trainee.CrossCutting" line-rate="0" branch-rate="1" complexity="1">
      <classes>
        <class name="Trainee.CrossCutting.NativeInjectorBootStrapper" filename="C:\Users\Willism\source\repos\netcore-trainee\Trainee.CrossCutting\NativeInjectorBootStrapper.cs" line-rate="0" branch-rate="1" complexity="1">
          <methods>
            <method name="RegisterServices" signature="(...)" line-rate="0" branch-rate="1" complexity="1">
              <lines>
                <line number="14" hits="0" branch="false" />
                <line number="17" hits="0" branch="false" />
                <line number="18" hits="0" branch="false" />
                <line number="21" hits="0" branch="false" />
                <line number="22" hits="0" branch="false" />
                <line number="23" hits="0" branch="false" />
                <line number="26" hits="0" branch="false" />
              </lines>
            </method>
          </methods>
          <lines>
            <line number="14" hits="0" branch="false" />
            <line number="17" hits="0" branch="false" />
            <line number="18" hits="0" branch="false" />
            <line number="21" hits="0" branch="false" />
            <line number="22" hits="0" branch="false" />
            <line number="23" hits="0" branch="false" />
            <line number="26" hits="0" branch="false" />
          </lines>
        </class>
      </classes>
    </package>
    <package name="Trainee.Domain" line-rate="0" branch-rate="1" complexity="9">
      <classes>
        <class name="Trainee.Domain.Models.Cliente" filename="C:\Users\Willism\source\repos\netcore-trainee\Trainee.Domain\Models\Cliente.cs" line-rate="0" branch-rate="1" complexity="4">
          <methods>
            <method name="get_Id" signature="()" line-rate="0" branch-rate="1" complexity="1">
              <lines>
                <line number="8" hits="0" branch="false" />
              </lines>
            </method>
            <method name="get_Nome" signature="()" line-rate="0" branch-rate="1" complexity="1">
              <lines>
                <line number="9" hits="0" branch="false" />
              </lines>
            </method>
            <method name="get_Ativo" signature="()" line-rate="0" branch-rate="1" complexity="1">
              <lines>
                <line number="10" hits="0" branch="false" />
              </lines>
            </method>
            <method name=".ctor" signature="()" line-rate="0" branch-rate="1" complexity="1">
              <lines>
                <line number="7" hits="0" branch="false" />
              </lines>
            </method>
          </methods>
          <lines>
            <line number="7" hits="0" branch="false" />
            <line number="8" hits="0" branch="false" />
            <line number="9" hits="0" branch="false" />
            <line number="10" hits="0" branch="false" />
          </lines>
        </class>
        <class name="Trainee.Domain.Models.Produto" filename="C:\Users\Willism\source\repos\netcore-trainee\Trainee.Domain\Models\Produto.cs" line-rate="0" branch-rate="1" complexity="5">
          <methods>
            <method name="get_Id" signature="()" line-rate="0" branch-rate="1" complexity="1">
              <lines>
                <line number="11" hits="0" branch="false" />
              </lines>
            </method>
            <method name="get_Nome" signature="()" line-rate="0" branch-rate="1" complexity="1">
              <lines>
                <line number="12" hits="0" branch="false" />
              </lines>
            </method>
            <method name="get_Valor" signature="()" line-rate="0" branch-rate="1" complexity="1">
              <lines>
                <line number="13" hits="0" branch="false" />
              </lines>
            </method>
            <method name="get_Ativo" signature="()" line-rate="0" branch-rate="1" complexity="1">
              <lines>
                <line number="14" hits="0" branch="false" />
              </lines>
            </method>
            <method name=".ctor" signature="()" line-rate="0" branch-rate="1" complexity="1">
              <lines>
                <line number="10" hits="0" branch="false" />
              </lines>
            </method>
          </methods>
          <lines>
            <line number="10" hits="0" branch="false" />
            <line number="11" hits="0" branch="false" />
            <line number="12" hits="0" branch="false" />
            <line number="13" hits="0" branch="false" />
            <line number="14" hits="0" branch="false" />
          </lines>
        </class>
      </classes>
    </package>
    <package name="Trainee.Infra.Data" line-rate="0" branch-rate="0" complexity="30">
      <classes>
        <class name="Trainee.Infra.Data.Context.TraineeContext" filename="C:\Users\Willism\source\repos\netcore-trainee\Trainee.Infra.Data\Context\TraineeContext.cs" line-rate="0" branch-rate="0" complexity="6">
          <methods>
            <method name="get_Produtos" signature="()" line-rate="0" branch-rate="1" complexity="1">
              <lines>
                <line number="24" hits="0" branch="false" />
              </lines>
            </method>
            <method name="get_Clientes" signature="()" line-rate="0" branch-rate="1" complexity="1">
              <lines>
                <line number="25" hits="0" branch="false" />
              </lines>
            </method>
            <method name="OnModelCreating" signature="(...)" line-rate="0" branch-rate="0" complexity="2">
              <lines>
                <line number="28" hits="0" branch="false" />
                <line number="29" hits="0" branch="false" />
                <line number="30" hits="0" branch="false" />
                <line number="32" hits="0" branch="true" condition-coverage="0% (0/2)" />
                <line number="33" hits="0" branch="false" />
                <line number="34" hits="0" branch="false" />
                <line number="36" hits="0" branch="false" />
                <line number="37" hits="0" branch="false" />
                <line number="39" hits="0" branch="false" />
                <line number="40" hits="0" branch="false" />
              </lines>
            </method>
            <method name=".ctor" signature="(...)" line-rate="0" branch-rate="1" complexity="1">
              <lines>
                <line number="18" hits="0" branch="false" />
                <line number="19" hits="0" branch="false" />
                <line number="20" hits="0" branch="false" />
                <line number="21" hits="0" branch="false" />
                <line number="22" hits="0" branch="false" />
              </lines>
            </method>
            <method name="Commit" signature="()" line-rate="0" branch-rate="1" complexity="1">
              <lines>
                <line number="43" hits="0" branch="false" />
                <line number="44" hits="0" branch="false" />
                <line number="46" hits="0" branch="false" />
                <line number="47" hits="0" branch="false" />
              </lines>
            </method>
          </methods>
          <lines>
            <line number="18" hits="0" branch="false" />
            <line number="19" hits="0" branch="false" />
            <line number="20" hits="0" branch="false" />
            <line number="21" hits="0" branch="false" />
            <line number="22" hits="0" branch="false" />
            <line number="24" hits="0" branch="false" />
            <line number="25" hits="0" branch="false" />
            <line number="28" hits="0" branch="false" />
            <line number="29" hits="0" branch="false" />
            <line number="30" hits="0" branch="false" />
            <line number="32" hits="0" branch="true" condition-coverage="0% (0/2)" />
            <line number="33" hits="0" branch="false" />
            <line number="34" hits="0" branch="false" />
            <line number="36" hits="0" branch="false" />
            <line number="37" hits="0" branch="false" />
            <line number="39" hits="0" branch="false" />
            <line number="40" hits="0" branch="false" />
            <line number="43" hits="0" branch="false" />
            <line number="44" hits="0" branch="false" />
            <line number="46" hits="0" branch="false" />
            <line number="47" hits="0" branch="false" />
          </lines>
        </class>
        <class name="Trainee.Infra.Data.Mappings.ClienteMap" filename="C:\Users\Willism\source\repos\netcore-trainee\Trainee.Infra.Data\Mappings\ClienteMap.cs" line-rate="0" branch-rate="1" complexity="1">
          <methods>
            <method name="Configure" signature="(...)" line-rate="0" branch-rate="1" complexity="1">
              <lines>
                <line number="13" hits="0" branch="false" />
                <line number="14" hits="0" branch="false" />
                <line number="15" hits="0" branch="false" />
                <line number="18" hits="0" branch="false" />
                <line number="19" hits="0" branch="false" />
                <line number="20" hits="0" branch="false" />
                <line number="21" hits="0" branch="false" />
                <line number="23" hits="0" branch="false" />
                <line number="24" hits="0" branch="false" />
                <line number="25" hits="0" branch="false" />
                <line number="26" hits="0" branch="false" />
              </lines>
            </method>
          </methods>
          <lines>
            <line number="13" hits="0" branch="false" />
            <line number="14" hits="0" branch="false" />
            <line number="15" hits="0" branch="false" />
            <line number="18" hits="0" branch="false" />
            <line number="19" hits="0" branch="false" />
            <line number="20" hits="0" branch="false" />
            <line number="21" hits="0" branch="false" />
            <line number="23" hits="0" branch="false" />
            <line number="24" hits="0" branch="false" />
            <line number="25" hits="0" branch="false" />
            <line number="26" hits="0" branch="false" />
          </lines>
        </class>
        <class name="Trainee.Infra.Data.Mappings.ProdutoMap" filename="C:\Users\Willism\source\repos\netcore-trainee\Trainee.Infra.Data\Mappings\ProdutoMap.cs" line-rate="0" branch-rate="1" complexity="1">
          <methods>
            <method name="Configure" signature="(...)" line-rate="0" branch-rate="1" complexity="1">
              <lines>
                <line number="13" hits="0" branch="false" />
                <line number="14" hits="0" branch="false" />
                <line number="15" hits="0" branch="false" />
                <line number="18" hits="0" branch="false" />
                <line number="19" hits="0" branch="false" />
                <line number="20" hits="0" branch="false" />
                <line number="21" hits="0" branch="false" />
                <line number="23" hits="0" branch="false" />
                <line number="24" hits="0" branch="false" />
                <line number="25" hits="0" branch="false" />
                <line number="27" hits="0" branch="false" />
                <line number="28" hits="0" branch="false" />
                <line number="29" hits="0" branch="false" />
                <line number="30" hits="0" branch="false" />
              </lines>
            </method>
          </methods>
          <lines>
            <line number="13" hits="0" branch="false" />
            <line number="14" hits="0" branch="false" />
            <line number="15" hits="0" branch="false" />
            <line number="18" hits="0" branch="false" />
            <line number="19" hits="0" branch="false" />
            <line number="20" hits="0" branch="false" />
            <line number="21" hits="0" branch="false" />
            <line number="23" hits="0" branch="false" />
            <line number="24" hits="0" branch="false" />
            <line number="25" hits="0" branch="false" />
            <line number="27" hits="0" branch="false" />
            <line number="28" hits="0" branch="false" />
            <line number="29" hits="0" branch="false" />
            <line number="30" hits="0" branch="false" />
          </lines>
        </class>
        <class name="Trainee.Infra.Data.Repository.ClienteRepository" filename="C:\Users\Willism\source\repos\netcore-trainee\Trainee.Infra.Data\Repository\ClienteRepository.cs" line-rate="0" branch-rate="0" complexity="11">
          <methods>
            <method name="get_UnitOfWork" signature="()" line-rate="0" branch-rate="1" complexity="1">
              <lines>
                <line number="16" hits="0" branch="false" />
              </lines>
            </method>
            <method name="Dispose" signature="()" line-rate="0" branch-rate="1" complexity="1">
              <lines>
                <line number="86" hits="0" branch="false" />
                <line number="87" hits="0" branch="false" />
                <line number="88" hits="0" branch="false" />
              </lines>
            </method>
            <method name=".ctor" signature="(...)" line-rate="0" branch-rate="1" complexity="1">
              <lines>
                <line number="20" hits="0" branch="false" />
                <line number="21" hits="0" branch="false" />
                <line number="22" hits="0" branch="false" />
                <line number="23" hits="0" branch="false" />
                <line number="24" hits="0" branch="false" />
              </lines>
            </method>
            <method name="ActivateInactivate" signature="()" line-rate="0" branch-rate="0" complexity="2">
              <lines>
                <line number="27" hits="0" branch="false" />
                <line number="29" hits="0" branch="false" />
                <line number="30" hits="0" branch="true" condition-coverage="0% (0/2)" />
                <line number="31" hits="0" branch="false" />
                <line number="32" hits="0" branch="false" />
                <line number="33" hits="0" branch="false" />
                <line number="34" hits="0" branch="false" />
                <line number="36" hits="0" branch="false" />
                <line number="37" hits="0" branch="false" />
                <line number="38" hits="0" branch="false" />
                <line number="40" hits="0" branch="false" />
              </lines>
            </method>
            <method name="Add" signature="()" line-rate="0" branch-rate="0" complexity="2">
              <lines>
                <line number="43" hits="0" branch="false" />
                <line number="45" hits="0" branch="false" />
                <line number="46" hits="0" branch="true" condition-coverage="0% (0/2)" />
                <line number="47" hits="0" branch="false" />
                <line number="48" hits="0" branch="false" />
                <line number="50" hits="0" branch="false" />
                <line number="51" hits="0" branch="false" />
                <line number="53" hits="0" branch="false" />
                <line number="55" hits="0" branch="false" />
              </lines>
            </method>
            <method name="GetAll" signature="()" line-rate="0" branch-rate="1" complexity="1">
              <lines>
                <line number="58" hits="0" branch="false" />
                <line number="59" hits="0" branch="false" />
                <line number="60" hits="0" branch="false" />
              </lines>
            </method>
            <method name="GetById" signature="()" line-rate="0" branch-rate="0" complexity="2">
              <lines>
                <line number="63" hits="0" branch="false" />
                <line number="64" hits="0" branch="true" condition-coverage="0% (0/2)" />
                <line number="65" hits="0" branch="false" />
              </lines>
            </method>
            <method name="Update" signature="()" line-rate="0" branch-rate="1" complexity="1">
              <lines>
                <line number="68" hits="0" branch="false" />
                <line number="70" hits="0" branch="false" />
                <line number="71" hits="0" branch="false" />
                <line number="72" hits="0" branch="false" />
                <line number="73" hits="0" branch="false" />
                <line number="74" hits="0" branch="false" />
                <line number="75" hits="0" branch="false" />
                <line number="76" hits="0" branch="false" />
                <line number="78" hits="0" branch="false" />
                <line number="79" hits="0" branch="false" />
                <line number="80" hits="0" branch="false" />
                <line number="83" hits="0" branch="false" />
              </lines>
            </method>
          </methods>
          <lines>
            <line number="16" hits="0" branch="false" />
            <line number="20" hits="0" branch="false" />
            <line number="21" hits="0" branch="false" />
            <line number="22" hits="0" branch="false" />
            <line number="23" hits="0" branch="false" />
            <line number="24" hits="0" branch="false" />
            <line number="27" hits="0" branch="false" />
            <line number="29" hits="0" branch="false" />
            <line number="30" hits="0" branch="true" condition-coverage="0% (0/2)" />
            <line number="31" hits="0" branch="false" />
            <line number="32" hits="0" branch="false" />
            <line number="33" hits="0" branch="false" />
            <line number="34" hits="0" branch="false" />
            <line number="36" hits="0" branch="false" />
            <line number="37" hits="0" branch="false" />
            <line number="38" hits="0" branch="false" />
            <line number="40" hits="0" branch="false" />
            <line number="43" hits="0" branch="false" />
            <line number="45" hits="0" branch="false" />
            <line number="46" hits="0" branch="true" condition-coverage="0% (0/2)" />
            <line number="47" hits="0" branch="false" />
            <line number="48" hits="0" branch="false" />
            <line number="50" hits="0" branch="false" />
            <line number="51" hits="0" branch="false" />
            <line number="53" hits="0" branch="false" />
            <line number="55" hits="0" branch="false" />
            <line number="58" hits="0" branch="false" />
            <line number="59" hits="0" branch="false" />
            <line number="60" hits="0" branch="false" />
            <line number="63" hits="0" branch="false" />
            <line number="64" hits="0" branch="true" condition-coverage="0% (0/2)" />
            <line number="65" hits="0" branch="false" />
            <line number="68" hits="0" branch="false" />
            <line number="70" hits="0" branch="false" />
            <line number="71" hits="0" branch="false" />
            <line number="72" hits="0" branch="false" />
            <line number="73" hits="0" branch="false" />
            <line number="74" hits="0" branch="false" />
            <line number="75" hits="0" branch="false" />
            <line number="76" hits="0" branch="false" />
            <line number="78" hits="0" branch="false" />
            <line number="79" hits="0" branch="false" />
            <line number="80" hits="0" branch="false" />
            <line number="83" hits="0" branch="false" />
            <line number="86" hits="0" branch="false" />
            <line number="87" hits="0" branch="false" />
            <line number="88" hits="0" branch="false" />
          </lines>
        </class>
        <class name="Trainee.Infra.Data.Repository.ProdutoRepository" filename="C:\Users\Willism\source\repos\netcore-trainee\Trainee.Infra.Data\Repository\ProdutoRepository.cs" line-rate="0" branch-rate="0" complexity="11">
          <methods>
            <method name="get_UnitOfWork" signature="()" line-rate="0" branch-rate="1" complexity="1">
              <lines>
                <line number="24" hits="0" branch="false" />
              </lines>
            </method>
            <method name="Dispose" signature="()" line-rate="0" branch-rate="1" complexity="1">
              <lines>
                <line number="86" hits="0" branch="false" />
                <line number="87" hits="0" branch="false" />
                <line number="88" hits="0" branch="false" />
              </lines>
            </method>
            <method name=".ctor" signature="(...)" line-rate="0" branch-rate="1" complexity="1">
              <lines>
                <line number="19" hits="0" branch="false" />
                <line number="20" hits="0" branch="false" />
                <line number="21" hits="0" branch="false" />
                <line number="22" hits="0" branch="false" />
                <line number="23" hits="0" branch="false" />
              </lines>
            </method>
            <method name="ActivateInactivate" signature="()" line-rate="0" branch-rate="0" complexity="2">
              <lines>
                <line number="27" hits="0" branch="false" />
                <line number="29" hits="0" branch="false" />
                <line number="30" hits="0" branch="true" condition-coverage="0% (0/2)" />
                <line number="31" hits="0" branch="false" />
                <line number="32" hits="0" branch="false" />
                <line number="33" hits="0" branch="false" />
                <line number="34" hits="0" branch="false" />
                <line number="36" hits="0" branch="false" />
                <line number="37" hits="0" branch="false" />
                <line number="38" hits="0" branch="false" />
                <line number="40" hits="0" branch="false" />
              </lines>
            </method>
            <method name="Add" signature="()" line-rate="0" branch-rate="0" complexity="2">
              <lines>
                <line number="43" hits="0" branch="false" />
                <line number="45" hits="0" branch="false" />
                <line number="46" hits="0" branch="true" condition-coverage="0% (0/2)" />
                <line number="47" hits="0" branch="false" />
                <line number="48" hits="0" branch="false" />
                <line number="50" hits="0" branch="false" />
                <line number="51" hits="0" branch="false" />
                <line number="53" hits="0" branch="false" />
                <line number="55" hits="0" branch="false" />
              </lines>
            </method>
            <method name="GetAll" signature="()" line-rate="0" branch-rate="1" complexity="1">
              <lines>
                <line number="58" hits="0" branch="false" />
                <line number="59" hits="0" branch="false" />
                <line number="60" hits="0" branch="false" />
              </lines>
            </method>
            <method name="GetById" signature="()" line-rate="0" branch-rate="0" complexity="2">
              <lines>
                <line number="63" hits="0" branch="false" />
                <line number="64" hits="0" branch="true" condition-coverage="0% (0/2)" />
                <line number="65" hits="0" branch="false" />
              </lines>
            </method>
            <method name="Update" signature="()" line-rate="0" branch-rate="1" complexity="1">
              <lines>
                <line number="68" hits="0" branch="false" />
                <line number="70" hits="0" branch="false" />
                <line number="71" hits="0" branch="false" />
                <line number="72" hits="0" branch="false" />
                <line number="73" hits="0" branch="false" />
                <line number="74" hits="0" branch="false" />
                <line number="75" hits="0" branch="false" />
                <line number="76" hits="0" branch="false" />
                <line number="78" hits="0" branch="false" />
                <line number="79" hits="0" branch="false" />
                <line number="80" hits="0" branch="false" />
                <line number="83" hits="0" branch="false" />
              </lines>
            </method>
          </methods>
          <lines>
            <line number="19" hits="0" branch="false" />
            <line number="20" hits="0" branch="false" />
            <line number="21" hits="0" branch="false" />
            <line number="22" hits="0" branch="false" />
            <line number="23" hits="0" branch="false" />
            <line number="24" hits="0" branch="false" />
            <line number="27" hits="0" branch="false" />
            <line number="29" hits="0" branch="false" />
            <line number="30" hits="0" branch="true" condition-coverage="0% (0/2)" />
            <line number="31" hits="0" branch="false" />
            <line number="32" hits="0" branch="false" />
            <line number="33" hits="0" branch="false" />
            <line number="34" hits="0" branch="false" />
            <line number="36" hits="0" branch="false" />
            <line number="37" hits="0" branch="false" />
            <line number="38" hits="0" branch="false" />
            <line number="40" hits="0" branch="false" />
            <line number="43" hits="0" branch="false" />
            <line number="45" hits="0" branch="false" />
            <line number="46" hits="0" branch="true" condition-coverage="0% (0/2)" />
            <line number="47" hits="0" branch="false" />
            <line number="48" hits="0" branch="false" />
            <line number="50" hits="0" branch="false" />
            <line number="51" hits="0" branch="false" />
            <line number="53" hits="0" branch="false" />
            <line number="55" hits="0" branch="false" />
            <line number="58" hits="0" branch="false" />
            <line number="59" hits="0" branch="false" />
            <line number="60" hits="0" branch="false" />
            <line number="63" hits="0" branch="false" />
            <line number="64" hits="0" branch="true" condition-coverage="0% (0/2)" />
            <line number="65" hits="0" branch="false" />
            <line number="68" hits="0" branch="false" />
            <line number="70" hits="0" branch="false" />
            <line number="71" hits="0" branch="false" />
            <line number="72" hits="0" branch="false" />
            <line number="73" hits="0" branch="false" />
            <line number="74" hits="0" branch="false" />
            <line number="75" hits="0" branch="false" />
            <line number="76" hits="0" branch="false" />
            <line number="78" hits="0" branch="false" />
            <line number="79" hits="0" branch="false" />
            <line number="80" hits="0" branch="false" />
            <line number="83" hits="0" branch="false" />
            <line number="86" hits="0" branch="false" />
            <line number="87" hits="0" branch="false" />
            <line number="88" hits="0" branch="false" />
          </lines>
        </class>
      </classes>
    </package>
    <package name="Trainee.Test" line-rate="0.9895833333333334" branch-rate="1" complexity="11">
      <classes>
        <class name="AutoGeneratedProgram" filename="C:\Users\Willism\.nuget\packages\microsoft.net.test.sdk\16.7.1\build\netcoreapp2.1\Microsoft.NET.Test.Sdk.Program.cs" line-rate="0" branch-rate="1" complexity="1">
          <methods>
            <method name="Main" signature="(...)" line-rate="0" branch-rate="1" complexity="1">
              <lines>
                <line number="4" hits="0" branch="false" />
              </lines>
            </method>
          </methods>
          <lines>
            <line number="4" hits="0" branch="false" />
          </lines>
        </class>
        <class name="Trainee.Test.ClienteTest" filename="C:\Users\Willism\source\repos\netcore-trainee\Trainee.Test\ClienteTest.cs" line-rate="1" branch-rate="1" complexity="5">
          <methods>
            <method name="Test_GetAll" signature="()" line-rate="1" branch-rate="1" complexity="1">
              <lines>
                <line number="27" hits="1" branch="false" />
                <line number="28" hits="1" branch="false" />
                <line number="29" hits="1" branch="false" />
                <line number="31" hits="1" branch="false" />
                <line number="34" hits="1" branch="false" />
                <line number="36" hits="1" branch="false" />
                <line number="38" hits="1" branch="false" />
              </lines>
            </method>
            <method name="Test_GetById" signature="()" line-rate="1" branch-rate="1" complexity="1">
              <lines>
                <line number="42" hits="1" branch="false" />
                <line number="43" hits="1" branch="false" />
                <line number="44" hits="1" branch="false" />
                <line number="46" hits="1" branch="false" />
                <line number="49" hits="1" branch="false" />
                <line number="51" hits="1" branch="false" />
                <line number="52" hits="1" branch="false" />
              </lines>
            </method>
            <method name="Test_Add" signature="()" line-rate="1" branch-rate="1" complexity="1">
              <lines>
                <line number="56" hits="1" branch="false" />
                <line number="57" hits="1" branch="false" />
                <line number="58" hits="1" branch="false" />
                <line number="59" hits="1" branch="false" />
                <line number="60" hits="1" branch="false" />
                <line number="61" hits="1" branch="false" />
                <line number="62" hits="1" branch="false" />
                <line number="63" hits="1" branch="false" />
                <line number="64" hits="1" branch="false" />
                <line number="66" hits="1" branch="false" />
                <line number="69" hits="1" branch="false" />
                <line number="71" hits="1" branch="false" />
                <line number="73" hits="1" branch="false" />
              </lines>
            </method>
            <method name="Test_Update" signature="()" line-rate="1" branch-rate="1" complexity="1">
              <lines>
                <line number="77" hits="1" branch="false" />
                <line number="78" hits="1" branch="false" />
                <line number="79" hits="1" branch="false" />
                <line number="80" hits="1" branch="false" />
                <line number="81" hits="1" branch="false" />
                <line number="82" hits="1" branch="false" />
                <line number="83" hits="1" branch="false" />
                <line number="84" hits="1" branch="false" />
                <line number="85" hits="1" branch="false" />
                <line number="87" hits="1" branch="false" />
                <line number="90" hits="1" branch="false" />
                <line number="92" hits="1" branch="false" />
                <line number="93" hits="1" branch="false" />
              </lines>
            </method>
            <method name="Test_ActivateInactivate" signature="()" line-rate="1" branch-rate="1" complexity="1">
              <lines>
                <line number="97" hits="1" branch="false" />
                <line number="98" hits="1" branch="false" />
                <line number="99" hits="1" branch="false" />
                <line number="101" hits="1" branch="false" />
                <line number="104" hits="1" branch="false" />
                <line number="106" hits="1" branch="false" />
                <line number="108" hits="1" branch="false" />
              </lines>
            </method>
          </methods>
          <lines>
            <line number="27" hits="1" branch="false" />
            <line number="28" hits="1" branch="false" />
            <line number="29" hits="1" branch="false" />
            <line number="31" hits="1" branch="false" />
            <line number="34" hits="1" branch="false" />
            <line number="36" hits="1" branch="false" />
            <line number="38" hits="1" branch="false" />
            <line number="42" hits="1" branch="false" />
            <line number="43" hits="1" branch="false" />
            <line number="44" hits="1" branch="false" />
            <line number="46" hits="1" branch="false" />
            <line number="49" hits="1" branch="false" />
            <line number="51" hits="1" branch="false" />
            <line number="52" hits="1" branch="false" />
            <line number="56" hits="1" branch="false" />
            <line number="57" hits="1" branch="false" />
            <line number="58" hits="1" branch="false" />
            <line number="59" hits="1" branch="false" />
            <line number="60" hits="1" branch="false" />
            <line number="61" hits="1" branch="false" />
            <line number="62" hits="1" branch="false" />
            <line number="63" hits="1" branch="false" />
            <line number="64" hits="1" branch="false" />
            <line number="66" hits="1" branch="false" />
            <line number="69" hits="1" branch="false" />
            <line number="71" hits="1" branch="false" />
            <line number="73" hits="1" branch="false" />
            <line number="77" hits="1" branch="false" />
            <line number="78" hits="1" branch="false" />
            <line number="79" hits="1" branch="false" />
            <line number="80" hits="1" branch="false" />
            <line number="81" hits="1" branch="false" />
            <line number="82" hits="1" branch="false" />
            <line number="83" hits="1" branch="false" />
            <line number="84" hits="1" branch="false" />
            <line number="85" hits="1" branch="false" />
            <line number="87" hits="1" branch="false" />
            <line number="90" hits="1" branch="false" />
            <line number="92" hits="1" branch="false" />
            <line number="93" hits="1" branch="false" />
            <line number="97" hits="1" branch="false" />
            <line number="98" hits="1" branch="false" />
            <line number="99" hits="1" branch="false" />
            <line number="101" hits="1" branch="false" />
            <line number="104" hits="1" branch="false" />
            <line number="106" hits="1" branch="false" />
            <line number="108" hits="1" branch="false" />
          </lines>
        </class>
        <class name="Trainee.Test.ProdutTest" filename="C:\Users\Willism\source\repos\netcore-trainee\Trainee.Test\ProdutoTest.cs" line-rate="1" branch-rate="1" complexity="5">
          <methods>
            <method name="Test_GetAll" signature="()" line-rate="1" branch-rate="1" complexity="1">
              <lines>
                <line number="17" hits="1" branch="false" />
                <line number="18" hits="1" branch="false" />
                <line number="19" hits="1" branch="false" />
                <line number="21" hits="1" branch="false" />
                <line number="24" hits="1" branch="false" />
                <line number="26" hits="1" branch="false" />
                <line number="28" hits="1" branch="false" />
              </lines>
            </method>
            <method name="Test_GetById" signature="()" line-rate="1" branch-rate="1" complexity="1">
              <lines>
                <line number="32" hits="1" branch="false" />
                <line number="33" hits="1" branch="false" />
                <line number="34" hits="1" branch="false" />
                <line number="36" hits="1" branch="false" />
                <line number="39" hits="1" branch="false" />
                <line number="41" hits="1" branch="false" />
                <line number="42" hits="1" branch="false" />
              </lines>
            </method>
            <method name="Test_Add" signature="()" line-rate="1" branch-rate="1" complexity="1">
              <lines>
                <line number="46" hits="1" branch="false" />
                <line number="47" hits="1" branch="false" />
                <line number="48" hits="1" branch="false" />
                <line number="49" hits="1" branch="false" />
                <line number="50" hits="1" branch="false" />
                <line number="51" hits="1" branch="false" />
                <line number="52" hits="1" branch="false" />
                <line number="53" hits="1" branch="false" />
                <line number="54" hits="1" branch="false" />
                <line number="56" hits="1" branch="false" />
                <line number="59" hits="1" branch="false" />
                <line number="62" hits="1" branch="false" />
                <line number="64" hits="1" branch="false" />
                <line number="66" hits="1" branch="false" />
              </lines>
            </method>
            <method name="Test_Update" signature="()" line-rate="1" branch-rate="1" complexity="1">
              <lines>
                <line number="70" hits="1" branch="false" />
                <line number="71" hits="1" branch="false" />
                <line number="72" hits="1" branch="false" />
                <line number="73" hits="1" branch="false" />
                <line number="74" hits="1" branch="false" />
                <line number="75" hits="1" branch="false" />
                <line number="76" hits="1" branch="false" />
                <line number="77" hits="1" branch="false" />
                <line number="78" hits="1" branch="false" />
                <line number="80" hits="1" branch="false" />
                <line number="83" hits="1" branch="false" />
                <line number="85" hits="1" branch="false" />
                <line number="86" hits="1" branch="false" />
              </lines>
            </method>
            <method name="Test_ActivateInactivate" signature="()" line-rate="1" branch-rate="1" complexity="1">
              <lines>
                <line number="90" hits="1" branch="false" />
                <line number="91" hits="1" branch="false" />
                <line number="92" hits="1" branch="false" />
                <line number="94" hits="1" branch="false" />
                <line number="97" hits="1" branch="false" />
                <line number="99" hits="1" branch="false" />
                <line number="101" hits="1" branch="false" />
              </lines>
            </method>
          </methods>
          <lines>
            <line number="17" hits="1" branch="false" />
            <line number="18" hits="1" branch="false" />
            <line number="19" hits="1" branch="false" />
            <line number="21" hits="1" branch="false" />
            <line number="24" hits="1" branch="false" />
            <line number="26" hits="1" branch="false" />
            <line number="28" hits="1" branch="false" />
            <line number="32" hits="1" branch="false" />
            <line number="33" hits="1" branch="false" />
            <line number="34" hits="1" branch="false" />
            <line number="36" hits="1" branch="false" />
            <line number="39" hits="1" branch="false" />
            <line number="41" hits="1" branch="false" />
            <line number="42" hits="1" branch="false" />
            <line number="46" hits="1" branch="false" />
            <line number="47" hits="1" branch="false" />
            <line number="48" hits="1" branch="false" />
            <line number="49" hits="1" branch="false" />
            <line number="50" hits="1" branch="false" />
            <line number="51" hits="1" branch="false" />
            <line number="52" hits="1" branch="false" />
            <line number="53" hits="1" branch="false" />
            <line number="54" hits="1" branch="false" />
            <line number="56" hits="1" branch="false" />
            <line number="59" hits="1" branch="false" />
            <line number="62" hits="1" branch="false" />
            <line number="64" hits="1" branch="false" />
            <line number="66" hits="1" branch="false" />
            <line number="70" hits="1" branch="false" />
            <line number="71" hits="1" branch="false" />
            <line number="72" hits="1" branch="false" />
            <line number="73" hits="1" branch="false" />
            <line number="74" hits="1" branch="false" />
            <line number="75" hits="1" branch="false" />
            <line number="76" hits="1" branch="false" />
            <line number="77" hits="1" branch="false" />
            <line number="78" hits="1" branch="false" />
            <line number="80" hits="1" branch="false" />
            <line number="83" hits="1" branch="false" />
            <line number="85" hits="1" branch="false" />
            <line number="86" hits="1" branch="false" />
            <line number="90" hits="1" branch="false" />
            <line number="91" hits="1" branch="false" />
            <line number="92" hits="1" branch="false" />
            <line number="94" hits="1" branch="false" />
            <line number="97" hits="1" branch="false" />
            <line number="99" hits="1" branch="false" />
            <line number="101" hits="1" branch="false" />
          </lines>
        </class>
      </classes>
    </package>
    <package name="Trainee.Web" line-rate="0.14666666666666667" branch-rate="0.047619047619047616" complexity="57">
      <classes>
        <class name="Trainee.Web.Configurations.AutoMapperConfig" filename="C:\Users\Willism\source\repos\netcore-trainee\Trainee.Web\Configurations\AutoMapperConfig.cs" line-rate="0" branch-rate="0" complexity="2">
          <methods>
            <method name="AddAutoMapperConfiguration" signature="(...)" line-rate="0" branch-rate="0" complexity="2">
              <lines>
                <line number="11" hits="0" branch="false" />
                <line number="12" hits="0" branch="true" condition-coverage="0% (0/2)" />
                <line number="14" hits="0" branch="false" />
                <line number="15" hits="0" branch="false" />
              </lines>
            </method>
          </methods>
          <lines>
            <line number="11" hits="0" branch="false" />
            <line number="12" hits="0" branch="true" condition-coverage="0% (0/2)" />
            <line number="14" hits="0" branch="false" />
            <line number="15" hits="0" branch="false" />
          </lines>
        </class>
        <class name="Trainee.Web.Configurations.DatabaseConfig" filename="C:\Users\Willism\source\repos\netcore-trainee\Trainee.Web\Configurations\DatabaseConfig.cs" line-rate="0" branch-rate="0" complexity="2">
          <methods>
            <method name="AddDatabaseConfiguration" signature="(...)" line-rate="0" branch-rate="0" complexity="2">
              <lines>
                <line number="12" hits="0" branch="false" />
                <line number="13" hits="0" branch="true" condition-coverage="0% (0/2)" />
                <line number="15" hits="0" branch="false" />
                <line number="16" hits="0" branch="false" />
                <line number="19" hits="0" branch="false" />
              </lines>
            </method>
          </methods>
          <lines>
            <line number="12" hits="0" branch="false" />
            <line number="13" hits="0" branch="true" condition-coverage="0% (0/2)" />
            <line number="15" hits="0" branch="false" />
            <line number="16" hits="0" branch="false" />
            <line number="19" hits="0" branch="false" />
          </lines>
        </class>
        <class name="Trainee.Web.Configurations.DependencyInjectionConfig" filename="C:\Users\Willism\source\repos\netcore-trainee\Trainee.Web\Configurations\DependencyInjectionConfig.cs" line-rate="0" branch-rate="0" complexity="2">
          <methods>
            <method name="AddDependencyInjectionConfiguration" signature="(...)" line-rate="0" branch-rate="0" complexity="2">
              <lines>
                <line number="10" hits="0" branch="false" />
                <line number="11" hits="0" branch="true" condition-coverage="0% (0/2)" />
                <line number="13" hits="0" branch="false" />
                <line number="14" hits="0" branch="false" />
              </lines>
            </method>
          </methods>
          <lines>
            <line number="10" hits="0" branch="false" />
            <line number="11" hits="0" branch="true" condition-coverage="0% (0/2)" />
            <line number="13" hits="0" branch="false" />
            <line number="14" hits="0" branch="false" />
          </lines>
        </class>
        <class name="Trainee.Web.Controllers.ClienteController" filename="C:\Users\Willism\source\repos\netcore-trainee\Trainee.Web\Controllers\ClienteController.cs" line-rate="0.2" branch-rate="0" complexity="17">
          <methods>
            <method name="Create" signature="()" line-rate="0" branch-rate="1" complexity="1">
              <lines>
                <line number="27" hits="0" branch="false" />
                <line number="29" hits="0" branch="false" />
                <line number="30" hits="0" branch="false" />
              </lines>
            </method>
            <method name=".ctor" signature="(...)" line-rate="1" branch-rate="1" complexity="1">
              <lines>
                <line number="14" hits="5" branch="false" />
                <line number="15" hits="5" branch="false" />
                <line number="16" hits="5" branch="false" />
                <line number="17" hits="5" branch="false" />
              </lines>
            </method>
            <method name="Index" signature="()" line-rate="1" branch-rate="1" complexity="1">
              <lines>
                <line number="21" hits="5" branch="false" />
                <line number="22" hits="5" branch="false" />
                <line number="23" hits="5" branch="false" />
              </lines>
            </method>
            <method name="Create" signature="()" line-rate="0" branch-rate="0" complexity="4">
              <lines>
                <line number="34" hits="0" branch="false" />
                <line number="35" hits="0" branch="true" condition-coverage="0% (0/2)" />
                <line number="37" hits="0" branch="false" />
                <line number="39" hits="0" branch="true" condition-coverage="0% (0/2)" />
                <line number="40" hits="0" branch="false" />
                <line number="43" hits="0" branch="false" />
                <line number="44" hits="0" branch="false" />
              </lines>
            </method>
            <method name="Edit" signature="()" line-rate="0" branch-rate="0" complexity="4">
              <lines>
                <line number="48" hits="0" branch="false" />
                <line number="49" hits="0" branch="true" condition-coverage="0% (0/2)" />
                <line number="51" hits="0" branch="false" />
                <line number="53" hits="0" branch="true" condition-coverage="0% (0/2)" />
                <line number="55" hits="0" branch="false" />
                <line number="56" hits="0" branch="false" />
              </lines>
            </method>
            <method name="Edit" signature="()" line-rate="0" branch-rate="0" complexity="4">
              <lines>
                <line number="60" hits="0" branch="false" />
                <line number="61" hits="0" branch="true" condition-coverage="0% (0/2)" />
                <line number="63" hits="0" branch="false" />
                <line number="65" hits="0" branch="true" condition-coverage="0% (0/2)" />
                <line number="66" hits="0" branch="false" />
                <line number="69" hits="0" branch="false" />
                <line number="70" hits="0" branch="false" />
              </lines>
            </method>
            <method name="ActivateInactivate" signature="()" line-rate="0" branch-rate="0" complexity="2">
              <lines>
                <line number="74" hits="0" branch="false" />
                <line number="75" hits="0" branch="true" condition-coverage="0% (0/2)" />
                <line number="77" hits="0" branch="false" />
                <line number="79" hits="0" branch="false" />
                <line number="80" hits="0" branch="false" />
              </lines>
            </method>
          </methods>
          <lines>
            <line number="14" hits="5" branch="false" />
            <line number="15" hits="5" branch="false" />
            <line number="16" hits="5" branch="false" />
            <line number="17" hits="5" branch="false" />
            <line number="21" hits="5" branch="false" />
            <line number="22" hits="5" branch="false" />
            <line number="23" hits="5" branch="false" />
            <line number="27" hits="0" branch="false" />
            <line number="29" hits="0" branch="false" />
            <line number="30" hits="0" branch="false" />
            <line number="34" hits="0" branch="false" />
            <line number="35" hits="0" branch="true" condition-coverage="0% (0/2)" />
            <line number="37" hits="0" branch="false" />
            <line number="39" hits="0" branch="true" condition-coverage="0% (0/2)" />
            <line number="40" hits="0" branch="false" />
            <line number="43" hits="0" branch="false" />
            <line number="44" hits="0" branch="false" />
            <line number="48" hits="0" branch="false" />
            <line number="49" hits="0" branch="true" condition-coverage="0% (0/2)" />
            <line number="51" hits="0" branch="false" />
            <line number="53" hits="0" branch="true" condition-coverage="0% (0/2)" />
            <line number="55" hits="0" branch="false" />
            <line number="56" hits="0" branch="false" />
            <line number="60" hits="0" branch="false" />
            <line number="61" hits="0" branch="true" condition-coverage="0% (0/2)" />
            <line number="63" hits="0" branch="false" />
            <line number="65" hits="0" branch="true" condition-coverage="0% (0/2)" />
            <line number="66" hits="0" branch="false" />
            <line number="69" hits="0" branch="false" />
            <line number="70" hits="0" branch="false" />
            <line number="74" hits="0" branch="false" />
            <line number="75" hits="0" branch="true" condition-coverage="0% (0/2)" />
            <line number="77" hits="0" branch="false" />
            <line number="79" hits="0" branch="false" />
            <line number="80" hits="0" branch="false" />
          </lines>
        </class>
        <class name="Trainee.Web.Controllers.HomeController" filename="C:\Users\Willism\source\repos\netcore-trainee\Trainee.Web\Controllers\HomeController.cs" line-rate="0" branch-rate="0" complexity="7">
          <methods>
            <method name="Index" signature="()" line-rate="0" branch-rate="1" complexity="1">
              <lines>
                <line number="22" hits="0" branch="false" />
                <line number="23" hits="0" branch="false" />
                <line number="24" hits="0" branch="false" />
              </lines>
            </method>
            <method name="Privacy" signature="()" line-rate="0" branch-rate="1" complexity="1">
              <lines>
                <line number="27" hits="0" branch="false" />
                <line number="28" hits="0" branch="false" />
                <line number="29" hits="0" branch="false" />
              </lines>
            </method>
            <method name="Error" signature="()" line-rate="0" branch-rate="0" complexity="4">
              <lines>
                <line number="33" hits="0" branch="false" />
                <line number="34" hits="0" branch="true" condition-coverage="0% (0/4)" />
                <line number="35" hits="0" branch="false" />
              </lines>
            </method>
            <method name=".ctor" signature="(...)" line-rate="0" branch-rate="1" complexity="1">
              <lines>
                <line number="16" hits="0" branch="false" />
                <line number="17" hits="0" branch="false" />
                <line number="18" hits="0" branch="false" />
                <line number="19" hits="0" branch="false" />
              </lines>
            </method>
          </methods>
          <lines>
            <line number="16" hits="0" branch="false" />
            <line number="17" hits="0" branch="false" />
            <line number="18" hits="0" branch="false" />
            <line number="19" hits="0" branch="false" />
            <line number="22" hits="0" branch="false" />
            <line number="23" hits="0" branch="false" />
            <line number="24" hits="0" branch="false" />
            <line number="27" hits="0" branch="false" />
            <line number="28" hits="0" branch="false" />
            <line number="29" hits="0" branch="false" />
            <line number="33" hits="0" branch="false" />
            <line number="34" hits="0" branch="true" condition-coverage="0% (0/4)" />
            <line number="35" hits="0" branch="false" />
          </lines>
        </class>
        <class name="Trainee.Web.Controllers.ProdutoController" filename="C:\Users\Willism\source\repos\netcore-trainee\Trainee.Web\Controllers\ProdutoController.cs" line-rate="0.42857142857142855" branch-rate="0.14285714285714285" complexity="17">
          <methods>
            <method name="Create" signature="()" line-rate="1" branch-rate="1" complexity="1">
              <lines>
                <line number="27" hits="1" branch="false" />
                <line number="29" hits="1" branch="false" />
                <line number="30" hits="1" branch="false" />
              </lines>
            </method>
            <method name=".ctor" signature="(...)" line-rate="1" branch-rate="1" complexity="1">
              <lines>
                <line number="14" hits="5" branch="false" />
                <line number="15" hits="5" branch="false" />
                <line number="16" hits="5" branch="false" />
                <line number="17" hits="5" branch="false" />
              </lines>
            </method>
            <method name="Index" signature="()" line-rate="1" branch-rate="1" complexity="1">
              <lines>
                <line number="21" hits="4" branch="false" />
                <line number="22" hits="4" branch="false" />
                <line number="23" hits="4" branch="false" />
              </lines>
            </method>
            <method name="Create" signature="()" line-rate="0.7142857142857143" branch-rate="0.5" complexity="4">
              <lines>
                <line number="34" hits="1" branch="false" />
                <line number="35" hits="0" branch="true" condition-coverage="50% (1/2)" />
                <line number="37" hits="1" branch="false" />
                <line number="39" hits="1" branch="true" condition-coverage="50% (1/2)" />
                <line number="40" hits="0" branch="false" />
                <line number="43" hits="1" branch="false" />
                <line number="44" hits="1" branch="false" />
              </lines>
            </method>
            <method name="Edit" signature="()" line-rate="0" branch-rate="0" complexity="4">
              <lines>
                <line number="48" hits="0" branch="false" />
                <line number="49" hits="0" branch="true" condition-coverage="0% (0/2)" />
                <line number="51" hits="0" branch="false" />
                <line number="53" hits="0" branch="true" condition-coverage="0% (0/2)" />
                <line number="55" hits="0" branch="false" />
                <line number="56" hits="0" branch="false" />
              </lines>
            </method>
            <method name="Edit" signature="()" line-rate="0" branch-rate="0" complexity="4">
              <lines>
                <line number="60" hits="0" branch="false" />
                <line number="61" hits="0" branch="true" condition-coverage="0% (0/2)" />
                <line number="63" hits="0" branch="false" />
                <line number="65" hits="0" branch="true" condition-coverage="0% (0/2)" />
                <line number="66" hits="0" branch="false" />
                <line number="69" hits="0" branch="false" />
                <line number="70" hits="0" branch="false" />
              </lines>
            </method>
            <method name="ActivateInactivate" signature="()" line-rate="0" branch-rate="0" complexity="2">
              <lines>
                <line number="74" hits="0" branch="false" />
                <line number="75" hits="0" branch="true" condition-coverage="0% (0/2)" />
                <line number="77" hits="0" branch="false" />
                <line number="79" hits="0" branch="false" />
                <line number="80" hits="0" branch="false" />
              </lines>
            </method>
          </methods>
          <lines>
            <line number="14" hits="5" branch="false" />
            <line number="15" hits="5" branch="false" />
            <line number="16" hits="5" branch="false" />
            <line number="17" hits="5" branch="false" />
            <line number="21" hits="4" branch="false" />
            <line number="22" hits="4" branch="false" />
            <line number="23" hits="4" branch="false" />
            <line number="27" hits="1" branch="false" />
            <line number="29" hits="1" branch="false" />
            <line number="30" hits="1" branch="false" />
            <line number="34" hits="1" branch="false" />
            <line number="35" hits="0" branch="true" condition-coverage="50% (1/2)" />
            <line number="37" hits="1" branch="false" />
            <line number="39" hits="1" branch="true" condition-coverage="50% (1/2)" />
            <line number="40" hits="0" branch="false" />
            <line number="43" hits="1" branch="false" />
            <line number="44" hits="1" branch="false" />
            <line number="48" hits="0" branch="false" />
            <line number="49" hits="0" branch="true" condition-coverage="0% (0/2)" />
            <line number="51" hits="0" branch="false" />
            <line number="53" hits="0" branch="true" condition-coverage="0% (0/2)" />
            <line number="55" hits="0" branch="false" />
            <line number="56" hits="0" branch="false" />
            <line number="60" hits="0" branch="false" />
            <line number="61" hits="0" branch="true" condition-coverage="0% (0/2)" />
            <line number="63" hits="0" branch="false" />
            <line number="65" hits="0" branch="true" condition-coverage="0% (0/2)" />
            <line number="66" hits="0" branch="false" />
            <line number="69" hits="0" branch="false" />
            <line number="70" hits="0" branch="false" />
            <line number="74" hits="0" branch="false" />
            <line number="75" hits="0" branch="true" condition-coverage="0% (0/2)" />
            <line number="77" hits="0" branch="false" />
            <line number="79" hits="0" branch="false" />
            <line number="80" hits="0" branch="false" />
          </lines>
        </class>
        <class name="Trainee.Web.Models.ErrorViewModel" filename="C:\Users\Willism\source\repos\netcore-trainee\Trainee.Web\Models\ErrorViewModel.cs" line-rate="0" branch-rate="1" complexity="2">
          <methods>
            <method name="get_RequestId" signature="()" line-rate="0" branch-rate="1" complexity="1">
              <lines>
                <line number="7" hits="0" branch="false" />
              </lines>
            </method>
            <method name="get_ShowRequestId" signature="()" line-rate="0" branch-rate="1" complexity="1">
              <lines>
                <line number="9" hits="0" branch="false" />
              </lines>
            </method>
          </methods>
          <lines>
            <line number="7" hits="0" branch="false" />
            <line number="9" hits="0" branch="false" />
          </lines>
        </class>
        <class name="Trainee.Web.Program" filename="C:\Users\Willism\source\repos\netcore-trainee\Trainee.Web\Program.cs" line-rate="0" branch-rate="1" complexity="2">
          <methods>
            <method name="Main" signature="(...)" line-rate="0" branch-rate="1" complexity="1">
              <lines>
                <line number="15" hits="0" branch="false" />
                <line number="16" hits="0" branch="false" />
                <line number="17" hits="0" branch="false" />
              </lines>
            </method>
            <method name="CreateHostBuilder" signature="(...)" line-rate="0" branch-rate="1" complexity="1">
              <lines>
                <line number="20" hits="0" branch="false" />
                <line number="21" hits="0" branch="false" />
                <line number="22" hits="0" branch="false" />
                <line number="23" hits="0" branch="false" />
                <line number="24" hits="0" branch="false" />
              </lines>
            </method>
          </methods>
          <lines>
            <line number="15" hits="0" branch="false" />
            <line number="16" hits="0" branch="false" />
            <line number="17" hits="0" branch="false" />
            <line number="20" hits="0" branch="false" />
            <line number="21" hits="0" branch="false" />
            <line number="22" hits="0" branch="false" />
            <line number="23" hits="0" branch="false" />
            <line number="24" hits="0" branch="false" />
          </lines>
        </class>
        <class name="Trainee.Web.Startup" filename="C:\Users\Willism\source\repos\netcore-trainee\Trainee.Web\Startup.cs" line-rate="0" branch-rate="0" complexity="6">
          <methods>
            <method name="get_Configuration" signature="()" line-rate="0" branch-rate="1" complexity="1">
              <lines>
                <line number="34" hits="0" branch="false" />
              </lines>
            </method>
            <method name="ConfigureServices" signature="(...)" line-rate="0" branch-rate="1" complexity="1">
              <lines>
                <line number="38" hits="0" branch="false" />
                <line number="40" hits="0" branch="false" />
                <line number="41" hits="0" branch="false" />
                <line number="42" hits="0" branch="false" />
                <line number="43" hits="0" branch="false" />
                <line number="44" hits="0" branch="false" />
                <line number="47" hits="0" branch="false" />
                <line number="50" hits="0" branch="false" />
                <line number="53" hits="0" branch="false" />
                <line number="56" hits="0" branch="false" />
              </lines>
            </method>
            <method name="Configure" signature="(...)" line-rate="0" branch-rate="0" complexity="2">
              <lines>
                <line number="60" hits="0" branch="false" />
                <line number="61" hits="0" branch="true" condition-coverage="0% (0/2)" />
                <line number="62" hits="0" branch="false" />
                <line number="63" hits="0" branch="false" />
                <line number="64" hits="0" branch="false" />
                <line number="66" hits="0" branch="false" />
                <line number="67" hits="0" branch="false" />
                <line number="69" hits="0" branch="false" />
                <line number="70" hits="0" branch="false" />
                <line number="71" hits="0" branch="false" />
                <line number="72" hits="0" branch="false" />
                <line number="74" hits="0" branch="false" />
                <line number="76" hits="0" branch="false" />
                <line number="78" hits="0" branch="false" />
                <line number="79" hits="0" branch="false" />
                <line number="80" hits="0" branch="false" />
                <line number="81" hits="0" branch="false" />
                <line number="82" hits="0" branch="false" />
                <line number="83" hits="0" branch="false" />
                <line number="84" hits="0" branch="false" />
              </lines>
            </method>
            <method name=".ctor" signature="(...)" line-rate="0" branch-rate="0" complexity="2">
              <lines>
                <line number="18" hits="0" branch="false" />
                <line number="19" hits="0" branch="false" />
                <line number="20" hits="0" branch="false" />
                <line number="21" hits="0" branch="false" />
                <line number="22" hits="0" branch="false" />
                <line number="23" hits="0" branch="false" />
                <line number="25" hits="0" branch="true" condition-coverage="0% (0/2)" />
                <line number="26" hits="0" branch="false" />
                <line number="27" hits="0" branch="false" />
                <line number="28" hits="0" branch="false" />
                <line number="30" hits="0" branch="false" />
                <line number="31" hits="0" branch="false" />
                <line number="32" hits="0" branch="false" />
              </lines>
            </method>
          </methods>
          <lines>
            <line number="18" hits="0" branch="false" />
            <line number="19" hits="0" branch="false" />
            <line number="20" hits="0" branch="false" />
            <line number="21" hits="0" branch="false" />
            <line number="22" hits="0" branch="false" />
            <line number="23" hits="0" branch="false" />
            <line number="25" hits="0" branch="true" condition-coverage="0% (0/2)" />
            <line number="26" hits="0" branch="false" />
            <line number="27" hits="0" branch="false" />
            <line number="28" hits="0" branch="false" />
            <line number="30" hits="0" branch="false" />
            <line number="31" hits="0" branch="false" />
            <line number="32" hits="0" branch="false" />
            <line number="34" hits="0" branch="false" />
            <line number="38" hits="0" branch="false" />
            <line number="40" hits="0" branch="false" />
            <line number="41" hits="0" branch="false" />
            <line number="42" hits="0" branch="false" />
            <line number="43" hits="0" branch="false" />
            <line number="44" hits="0" branch="false" />
            <line number="47" hits="0" branch="false" />
            <line number="50" hits="0" branch="false" />
            <line number="53" hits="0" branch="false" />
            <line number="56" hits="0" branch="false" />
            <line number="60" hits="0" branch="false" />
            <line number="61" hits="0" branch="true" condition-coverage="0% (0/2)" />
            <line number="62" hits="0" branch="false" />
            <line number="63" hits="0" branch="false" />
            <line number="64" hits="0" branch="false" />
            <line number="66" hits="0" branch="false" />
            <line number="67" hits="0" branch="false" />
            <line number="69" hits="0" branch="false" />
            <line number="70" hits="0" branch="false" />
            <line number="71" hits="0" branch="false" />
            <line number="72" hits="0" branch="false" />
            <line number="74" hits="0" branch="false" />
            <line number="76" hits="0" branch="false" />
            <line number="78" hits="0" branch="false" />
            <line number="79" hits="0" branch="false" />
            <line number="80" hits="0" branch="false" />
            <line number="81" hits="0" branch="false" />
            <line number="82" hits="0" branch="false" />
            <line number="83" hits="0" branch="false" />
            <line number="84" hits="0" branch="false" />
          </lines>
        </class>
      </classes>
    </package>
    <package name="Trainee.Web.Views" line-rate="0" branch-rate="0" complexity="37">
      <classes>
        <class name="AspNetCore.Views__ViewStart" filename="C:\Users\Willism\source\repos\netcore-trainee\Trainee.Web\Views\_ViewStart.cshtml" line-rate="0" branch-rate="1" complexity="1">
          <methods>
            <method name="ExecuteAsync" signature="()" line-rate="0" branch-rate="1" complexity="1">
              <lines>
                <line number="2" hits="0" branch="false" />
              </lines>
            </method>
          </methods>
          <lines>
            <line number="2" hits="0" branch="false" />
          </lines>
        </class>
        <class name="AspNetCore.Views_Cliente_Create" filename="C:\Users\Willism\source\repos\netcore-trainee\Trainee.Web\Views\Cliente\Create.cshtml" line-rate="0" branch-rate="1" complexity="2">
          <methods>
            <method name="ExecuteAsync" signature="()" line-rate="0" branch-rate="1" complexity="1">
              <lines>
                <line number="3" hits="0" branch="false" />
                <line number="10" hits="0" branch="false" />
                <line number="11" hits="0" branch="false" />
                <line number="12" hits="0" branch="false" />
                <line number="15" hits="0" branch="false" />
                <line number="17" hits="0" branch="false" />
                <line number="18" hits="0" branch="false" />
                <line number="22" hits="0" branch="false" />
                <line number="24" hits="0" branch="false" />
                <line number="25" hits="0" branch="false" />
                <line number="31" hits="0" branch="false" />
                <line number="34" hits="0" branch="false" />
              </lines>
            </method>
            <method name="&lt;ExecuteAsync" signature="()" line-rate="0" branch-rate="1" complexity="1">
              <lines>
                <line number="37" hits="0" branch="false" />
              </lines>
            </method>
          </methods>
          <lines>
            <line number="3" hits="0" branch="false" />
            <line number="10" hits="0" branch="false" />
            <line number="11" hits="0" branch="false" />
            <line number="12" hits="0" branch="false" />
            <line number="15" hits="0" branch="false" />
            <line number="17" hits="0" branch="false" />
            <line number="18" hits="0" branch="false" />
            <line number="22" hits="0" branch="false" />
            <line number="24" hits="0" branch="false" />
            <line number="25" hits="0" branch="false" />
            <line number="31" hits="0" branch="false" />
            <line number="34" hits="0" branch="false" />
            <line number="37" hits="0" branch="false" />
          </lines>
        </class>
        <class name="AspNetCore.Views_Cliente_Edit" filename="C:\Users\Willism\source\repos\netcore-trainee\Trainee.Web\Views\Cliente\Edit.cshtml" line-rate="0" branch-rate="1" complexity="2">
          <methods>
            <method name="ExecuteAsync" signature="()" line-rate="0" branch-rate="1" complexity="1">
              <lines>
                <line number="3" hits="0" branch="false" />
                <line number="10" hits="0" branch="false" />
                <line number="11" hits="0" branch="false" />
                <line number="12" hits="0" branch="false" />
                <line number="13" hits="0" branch="false" />
                <line number="15" hits="0" branch="false" />
                <line number="17" hits="0" branch="false" />
                <line number="18" hits="0" branch="false" />
                <line number="22" hits="0" branch="false" />
                <line number="24" hits="0" branch="false" />
                <line number="25" hits="0" branch="false" />
                <line number="31" hits="0" branch="false" />
                <line number="34" hits="0" branch="false" />
              </lines>
            </method>
            <method name="&lt;ExecuteAsync" signature="()" line-rate="0" branch-rate="1" complexity="1">
              <lines>
                <line number="37" hits="0" branch="false" />
              </lines>
            </method>
          </methods>
          <lines>
            <line number="3" hits="0" branch="false" />
            <line number="10" hits="0" branch="false" />
            <line number="11" hits="0" branch="false" />
            <line number="12" hits="0" branch="false" />
            <line number="13" hits="0" branch="false" />
            <line number="15" hits="0" branch="false" />
            <line number="17" hits="0" branch="false" />
            <line number="18" hits="0" branch="false" />
            <line number="22" hits="0" branch="false" />
            <line number="24" hits="0" branch="false" />
            <line number="25" hits="0" branch="false" />
            <line number="31" hits="0" branch="false" />
            <line number="34" hits="0" branch="false" />
            <line number="37" hits="0" branch="false" />
          </lines>
        </class>
        <class name="AspNetCore.Views_Cliente_Index" filename="C:\Users\Willism\source\repos\netcore-trainee\Trainee.Web\Views\Cliente\Index.cshtml" line-rate="0" branch-rate="0" complexity="2">
          <methods>
            <method name="ExecuteAsync" signature="()" line-rate="0" branch-rate="0" complexity="2">
              <lines>
                <line number="3" hits="0" branch="false" />
                <line number="17" hits="0" branch="true" condition-coverage="0% (0/2)" />
                <line number="18" hits="0" branch="false" />
                <line number="20" hits="0" branch="false" />
                <line number="21" hits="0" branch="false" />
                <line number="22" hits="0" branch="false" />
                <line number="24" hits="0" branch="false" />
                <line number="25" hits="0" branch="false" />
                <line number="29" hits="0" branch="false" />
              </lines>
            </method>
          </methods>
          <lines>
            <line number="3" hits="0" branch="false" />
            <line number="17" hits="0" branch="true" condition-coverage="0% (0/2)" />
            <line number="18" hits="0" branch="false" />
            <line number="20" hits="0" branch="false" />
            <line number="21" hits="0" branch="false" />
            <line number="22" hits="0" branch="false" />
            <line number="24" hits="0" branch="false" />
            <line number="25" hits="0" branch="false" />
            <line number="29" hits="0" branch="false" />
          </lines>
        </class>
        <class name="AspNetCore.Views_Home_Index" filename="C:\Users\Willism\source\repos\netcore-trainee\Trainee.Web\Views\Home\Index.cshtml" line-rate="0" branch-rate="1" complexity="1">
          <methods>
            <method name="ExecuteAsync" signature="()" line-rate="0" branch-rate="1" complexity="1">
              <lines>
                <line number="2" hits="0" branch="false" />
              </lines>
            </method>
          </methods>
          <lines>
            <line number="2" hits="0" branch="false" />
          </lines>
        </class>
        <class name="AspNetCore.Views_Home_Privacy" filename="C:\Users\Willism\source\repos\netcore-trainee\Trainee.Web\Views\Home\Privacy.cshtml" line-rate="0" branch-rate="1" complexity="1">
          <methods>
            <method name="ExecuteAsync" signature="()" line-rate="0" branch-rate="1" complexity="1">
              <lines>
                <line number="2" hits="0" branch="false" />
                <line number="4" hits="0" branch="false" />
              </lines>
            </method>
          </methods>
          <lines>
            <line number="2" hits="0" branch="false" />
            <line number="4" hits="0" branch="false" />
          </lines>
        </class>
        <class name="AspNetCore.Views_Produto_Create" filename="C:\Users\Willism\source\repos\netcore-trainee\Trainee.Web\Views\Produto\Create.cshtml" line-rate="0" branch-rate="1" complexity="2">
          <methods>
            <method name="ExecuteAsync" signature="()" line-rate="0" branch-rate="1" complexity="1">
              <lines>
                <line number="3" hits="0" branch="false" />
                <line number="10" hits="0" branch="false" />
                <line number="11" hits="0" branch="false" />
                <line number="12" hits="0" branch="false" />
                <line number="15" hits="0" branch="false" />
                <line number="17" hits="0" branch="false" />
                <line number="18" hits="0" branch="false" />
                <line number="22" hits="0" branch="false" />
                <line number="24" hits="0" branch="false" />
                <line number="25" hits="0" branch="false" />
                <line number="29" hits="0" branch="false" />
                <line number="31" hits="0" branch="false" />
                <line number="32" hits="0" branch="false" />
                <line number="38" hits="0" branch="false" />
                <line number="41" hits="0" branch="false" />
              </lines>
            </method>
            <method name="&lt;ExecuteAsync" signature="()" line-rate="0" branch-rate="1" complexity="1">
              <lines>
                <line number="44" hits="0" branch="false" />
              </lines>
            </method>
          </methods>
          <lines>
            <line number="3" hits="0" branch="false" />
            <line number="10" hits="0" branch="false" />
            <line number="11" hits="0" branch="false" />
            <line number="12" hits="0" branch="false" />
            <line number="15" hits="0" branch="false" />
            <line number="17" hits="0" branch="false" />
            <line number="18" hits="0" branch="false" />
            <line number="22" hits="0" branch="false" />
            <line number="24" hits="0" branch="false" />
            <line number="25" hits="0" branch="false" />
            <line number="29" hits="0" branch="false" />
            <line number="31" hits="0" branch="false" />
            <line number="32" hits="0" branch="false" />
            <line number="38" hits="0" branch="false" />
            <line number="41" hits="0" branch="false" />
            <line number="44" hits="0" branch="false" />
          </lines>
        </class>
        <class name="AspNetCore.Views_Produto_Edit" filename="C:\Users\Willism\source\repos\netcore-trainee\Trainee.Web\Views\Produto\Edit.cshtml" line-rate="0" branch-rate="1" complexity="2">
          <methods>
            <method name="ExecuteAsync" signature="()" line-rate="0" branch-rate="1" complexity="1">
              <lines>
                <line number="3" hits="0" branch="false" />
                <line number="10" hits="0" branch="false" />
                <line number="11" hits="0" branch="false" />
                <line number="12" hits="0" branch="false" />
                <line number="13" hits="0" branch="false" />
                <line number="15" hits="0" branch="false" />
                <line number="17" hits="0" branch="false" />
                <line number="18" hits="0" branch="false" />
                <line number="22" hits="0" branch="false" />
                <line number="24" hits="0" branch="false" />
                <line number="25" hits="0" branch="false" />
                <line number="29" hits="0" branch="false" />
                <line number="31" hits="0" branch="false" />
                <line number="32" hits="0" branch="false" />
                <line number="38" hits="0" branch="false" />
                <line number="41" hits="0" branch="false" />
              </lines>
            </method>
            <method name="&lt;ExecuteAsync" signature="()" line-rate="0" branch-rate="1" complexity="1">
              <lines>
                <line number="44" hits="0" branch="false" />
              </lines>
            </method>
          </methods>
          <lines>
            <line number="3" hits="0" branch="false" />
            <line number="10" hits="0" branch="false" />
            <line number="11" hits="0" branch="false" />
            <line number="12" hits="0" branch="false" />
            <line number="13" hits="0" branch="false" />
            <line number="15" hits="0" branch="false" />
            <line number="17" hits="0" branch="false" />
            <line number="18" hits="0" branch="false" />
            <line number="22" hits="0" branch="false" />
            <line number="24" hits="0" branch="false" />
            <line number="25" hits="0" branch="false" />
            <line number="29" hits="0" branch="false" />
            <line number="31" hits="0" branch="false" />
            <line number="32" hits="0" branch="false" />
            <line number="38" hits="0" branch="false" />
            <line number="41" hits="0" branch="false" />
            <line number="44" hits="0" branch="false" />
          </lines>
        </class>
        <class name="AspNetCore.Views_Produto_Index" filename="C:\Users\Willism\source\repos\netcore-trainee\Trainee.Web\Views\Produto\Index.cshtml" line-rate="0" branch-rate="0" complexity="2">
          <methods>
            <method name="ExecuteAsync" signature="()" line-rate="0" branch-rate="0" complexity="2">
              <lines>
                <line number="3" hits="0" branch="false" />
                <line number="18" hits="0" branch="true" condition-coverage="0% (0/2)" />
                <line number="19" hits="0" branch="false" />
                <line number="21" hits="0" branch="false" />
                <line number="22" hits="0" branch="false" />
                <line number="23" hits="0" branch="false" />
                <line number="24" hits="0" branch="false" />
                <line number="26" hits="0" branch="false" />
                <line number="27" hits="0" branch="false" />
                <line number="31" hits="0" branch="false" />
              </lines>
            </method>
          </methods>
          <lines>
            <line number="3" hits="0" branch="false" />
            <line number="18" hits="0" branch="true" condition-coverage="0% (0/2)" />
            <line number="19" hits="0" branch="false" />
            <line number="21" hits="0" branch="false" />
            <line number="22" hits="0" branch="false" />
            <line number="23" hits="0" branch="false" />
            <line number="24" hits="0" branch="false" />
            <line number="26" hits="0" branch="false" />
            <line number="27" hits="0" branch="false" />
            <line number="31" hits="0" branch="false" />
          </lines>
        </class>
        <class name="AspNetCore.Views_Shared__Layout" filename="C:\Users\Willism\source\repos\netcore-trainee\Trainee.Web\Views\Shared\_Layout.cshtml" line-rate="0" branch-rate="0" complexity="20">
          <methods>
            <method name="&lt;ExecuteAsync" signature="()" line-rate="0" branch-rate="0" complexity="4">
              <lines>
                <line number="6" hits="0" branch="true" condition-coverage="0% (0/4)" />
              </lines>
            </method>
            <method name="&lt;ExecuteAsync" signature="()" line-rate="0" branch-rate="0" complexity="16">
              <lines>
                <line number="37" hits="0" branch="true" condition-coverage="0% (0/14)" />
                <line number="48" hits="0" branch="true" condition-coverage="0% (0/2)" />
                <line number="49" hits="0" branch="false" />
              </lines>
            </method>
          </methods>
          <lines>
            <line number="6" hits="0" branch="true" condition-coverage="0% (0/4)" />
            <line number="37" hits="0" branch="true" condition-coverage="0% (0/14)" />
            <line number="48" hits="0" branch="true" condition-coverage="0% (0/2)" />
            <line number="49" hits="0" branch="false" />
          </lines>
        </class>
        <class name="AspNetCore.Views_Shared_Error" filename="C:\Users\Willism\source\repos\netcore-trainee\Trainee.Web\Views\Shared\Error.cshtml" line-rate="0" branch-rate="0" complexity="2">
          <methods>
            <method name="ExecuteAsync" signature="()" line-rate="0" branch-rate="0" complexity="2">
              <lines>
                <line number="3" hits="0" branch="false" />
                <line number="9" hits="0" branch="true" condition-coverage="0% (0/2)" />
                <line number="10" hits="0" branch="false" />
                <line number="12" hits="0" branch="false" />
                <line number="14" hits="0" branch="false" />
              </lines>
            </method>
          </methods>
          <lines>
            <line number="3" hits="0" branch="false" />
            <line number="9" hits="0" branch="true" condition-coverage="0% (0/2)" />
            <line number="10" hits="0" branch="false" />
            <line number="12" hits="0" branch="false" />
            <line number="14" hits="0" branch="false" />
          </lines>
        </class>
      </classes>
    </package>
  </packages>
</coverage>